<?xml version="1.0" encoding="UTF-8"?>
<testng-results ignored="0" total="2" passed="2" failed="0" skipped="0">
  <reporter-output>
  </reporter-output>
  <suite started-at="2020-09-11T17:55:08 IST" name="Suite" finished-at="2020-09-11T17:55:36 IST" duration-ms="27720">
    <groups>
    </groups>
    <test started-at="2020-09-11T17:55:08 IST" name="Test" finished-at="2020-09-11T17:55:36 IST" duration-ms="27720">
      <class name="com.te.qa.smokeTestScripts.VerifyLiveChat">
        <test-method is-config="true" signature="beforeSuite()[pri:0, instance:com.te.qa.smokeTestScripts.VerifyLiveChat@fd07cbb]" started-at="2020-09-11T17:55:03 IST" name="beforeSuite" finished-at="2020-09-11T17:55:08 IST" duration-ms="5620" status="PASS">
          <reporter-output>
          </reporter-output>
        </test-method> <!-- beforeSuite -->
        <test-method is-config="true" signature="beforeTest()[pri:0, instance:com.te.qa.smokeTestScripts.VerifyLiveChat@fd07cbb]" started-at="2020-09-11T17:55:08 IST" name="beforeTest" finished-at="2020-09-11T17:55:08 IST" duration-ms="17" status="PASS">
          <reporter-output>
          </reporter-output>
        </test-method> <!-- beforeTest -->
        <test-method is-config="true" signature="beforeClass()[pri:0, instance:com.te.qa.smokeTestScripts.VerifyLiveChat@fd07cbb]" started-at="2020-09-11T17:55:08 IST" name="beforeClass" finished-at="2020-09-11T17:55:08 IST" duration-ms="60" status="PASS">
          <reporter-output>
          </reporter-output>
        </test-method> <!-- beforeClass -->
        <test-method signature="launch(java.lang.String)[pri:0, instance:com.te.qa.smokeTestScripts.VerifyLiveChat@fd07cbb]" started-at="2020-09-11T17:55:08 IST" name="launch" finished-at="2020-09-11T17:55:21 IST" duration-ms="13035" status="PASS">
          <params>
            <param index="0">
              <value>
                <![CDATA[Stage]]>
              </value>
            </param>
          </params>
          <reporter-output>
          </reporter-output>
        </test-method> <!-- launch -->
        <test-method is-config="true" signature="afterMethod(org.testng.ITestResult)[pri:0, instance:com.te.qa.smokeTestScripts.VerifyLiveChat@fd07cbb]" started-at="2020-09-11T17:55:21 IST" name="afterMethod" finished-at="2020-09-11T17:55:21 IST" duration-ms="3" status="PASS">
          <params>
            <param index="0">
              <value>
                <![CDATA[[TestResult name=launch status=SUCCESS method=VerifyLiveChat.launch(java.lang.String)[pri:0, instance:com.te.qa.smokeTestScripts.VerifyLiveChat@fd07cbb] output={null}]]]>
              </value>
            </param>
          </params>
          <reporter-output>
          </reporter-output>
        </test-method> <!-- afterMethod -->
        <test-method signature="ClickOnLiveChat()[pri:1, instance:com.te.qa.smokeTestScripts.VerifyLiveChat@fd07cbb]" started-at="2020-09-11T17:55:21 IST" name="ClickOnLiveChat" finished-at="2020-09-11T17:55:36 IST" duration-ms="14371" status="PASS">
          <reporter-output>
          </reporter-output>
        </test-method> <!-- ClickOnLiveChat -->
        <test-method is-config="true" signature="afterMethod(org.testng.ITestResult)[pri:0, instance:com.te.qa.smokeTestScripts.VerifyLiveChat@fd07cbb]" started-at="2020-09-11T17:55:36 IST" name="afterMethod" finished-at="2020-09-11T17:55:36 IST" duration-ms="0" status="PASS">
          <params>
            <param index="0">
              <value>
                <![CDATA[[TestResult name=ClickOnLiveChat status=SUCCESS method=VerifyLiveChat.ClickOnLiveChat()[pri:1, instance:com.te.qa.smokeTestScripts.VerifyLiveChat@fd07cbb] output={null}]]]>
              </value>
            </param>
          </params>
          <reporter-output>
          </reporter-output>
        </test-method> <!-- afterMethod -->
        <test-method is-config="true" signature="afterClass()[pri:0, instance:com.te.qa.smokeTestScripts.VerifyLiveChat@fd07cbb]" started-at="2020-09-11T17:55:36 IST" name="afterClass" finished-at="2020-09-11T17:55:36 IST" duration-ms="215" status="PASS">
          <reporter-output>
          </reporter-output>
        </test-method> <!-- afterClass -->
        <test-method is-config="true" signature="afterSuite()[pri:0, instance:com.te.qa.smokeTestScripts.VerifyLiveChat@fd07cbb]" started-at="2020-09-11T17:55:36 IST" name="afterSuite" finished-at="2020-09-11T17:55:36 IST" duration-ms="0" status="PASS">
          <reporter-output>
          </reporter-output>
        </test-method> <!-- afterSuite -->
      </class> <!-- com.te.qa.smokeTestScripts.VerifyLiveChat -->
    </test> <!-- Test -->
  </suite> <!-- Suite -->
</testng-results>
